Loading pytorch/2.3.0-cuda12.1
  Loading requirement: anaconda3/2023.09
Is CUDA Available?
True

nvidia-smi output:
Wed Mar 19 10:57:31 2025       
+-----------------------------------------------------------------------------------------+
| NVIDIA-SMI 550.54.15              Driver Version: 550.54.15      CUDA Version: 12.4     |
|-----------------------------------------+------------------------+----------------------+
| GPU  Name                 Persistence-M | Bus-Id          Disp.A | Volatile Uncorr. ECC |
| Fan  Temp   Perf          Pwr:Usage/Cap |           Memory-Usage | GPU-Util  Compute M. |
|                                         |                        |               MIG M. |
|=========================================+========================+======================|
|   0  NVIDIA L40S                    On  |   00000000:17:00.0 Off |                    0 |
| N/A   29C    P8             31W /  350W |       0MiB /  46068MiB |      0%      Default |
|                                         |                        |                  N/A |
+-----------------------------------------+------------------------+----------------------+
                                                                                         
+-----------------------------------------------------------------------------------------+
| Processes:                                                                              |
|  GPU   GI   CI        PID   Type   Process name                              GPU Memory |
|        ID   ID                                                               Usage      |
|=========================================================================================|
|  No running processes found                                                             |
+-----------------------------------------------------------------------------------------+
Training
log_dir:  work_dir/ntu120/cset_ri/degcn/runs already exist
delete it? y/n:Traceback (most recent call last):
  File "/users/tcarr23/DeGCN_pytorch/main.py", line 673, in <module>
    processor = Processor(arg) 
  File "/users/tcarr23/DeGCN_pytorch/main.py", line 239, in __init__
    answer = input('delete it? y/n:')
EOFError: EOF when reading a line
